# JRE version: Java(TM) SE Runtime Environment (8.0_121-b13) (build 1.8.0_121-b13)
# Java VM: Java HotSpot(TM) Client VM (25.121-b13 mixed mode windows-x86 )
Heap:
 garbage-first heap   total 131072K, used 59184K [0x04000000, 0x04100200, 0x0c000000)
  region size 1024K, 11 young (11264K), 2 survivors (2048K)
 Metaspace       used 40340K, capacity 41109K, committed 46720K, reserved 47488K
GC Heap History (10 events):
Event: 8770.040 GC heap before
{Heap before GC invocations=1155 (full 23):
 garbage-first heap   total 131072K, used 113416K [0x04000000, 0x04100200, 0x0c000000)
  region size 1024K, 63 young (64512K), 2 survivors (2048K)
 Metaspace       used 40340K, capacity 41109K, committed 46720K, reserved 47488K
Event: 8770.043 GC heap after
Heap after GC invocations=1156 (full 23):
 garbage-first heap   total 131072K, used 51343K [0x04000000, 0x04100200, 0x0c000000)
  region size 1024K, 2 young (2048K), 2 survivors (2048K)
 Metaspace       used 40340K, capacity 41109K, committed 46720K, reserved 47488K
}
Event: 8775.208 GC heap before
{Heap before GC invocations=1156 (full 23):
 garbage-first heap   total 131072K, used 113807K [0x04000000, 0x04100200, 0x0c000000)
  region size 1024K, 63 young (64512K), 2 survivors (2048K)
 Metaspace       used 40340K, capacity 41109K, committed 46720K, reserved 47488K
Event: 8775.213 GC heap after
Heap after GC invocations=1157 (full 23):
 garbage-first heap   total 131072K, used 51603K [0x04000000, 0x04100200, 0x0c000000)
  region size 1024K, 2 young (2048K), 2 survivors (2048K)
 Metaspace       used 40340K, capacity 41109K, committed 46720K, reserved 47488K
}
Event: 8780.023 GC heap before
{Heap before GC invocations=1157 (full 23):
 garbage-first heap   total 131072K, used 114067K [0x04000000, 0x04100200, 0x0c000000)
  region size 1024K, 63 young (64512K), 2 survivors (2048K)
 Metaspace       used 40340K, capacity 41109K, committed 46720K, reserved 47488K
Event: 8780.025 GC heap after
Heap after GC invocations=1158 (full 23):
 garbage-first heap   total 131072K, used 51309K [0x04000000, 0x04100200, 0x0c000000)
  region size 1024K, 2 young (2048K), 2 survivors (2048K)
 Metaspace       used 40340K, capacity 41109K, committed 46720K, reserved 47488K
}
Event: 8785.439 GC heap before
{Heap before GC invocations=1158 (full 23):
 garbage-first heap   total 131072K, used 113773K [0x04000000, 0x04100200, 0x0c000000)
  region size 1024K, 63 young (64512K), 2 survivors (2048K)
 Metaspace       used 40340K, capacity 41109K, committed 46720K, reserved 47488K
Event: 8785.444 GC heap after
Heap after GC invocations=1159 (full 23):
 garbage-first heap   total 131072K, used 51596K [0x04000000, 0x04100200, 0x0c000000)
  region size 1024K, 2 young (2048K), 2 survivors (2048K)
 Metaspace       used 40340K, capacity 41109K, committed 46720K, reserved 47488K
}
Event: 8791.095 GC heap before
{Heap before GC invocations=1159 (full 23):
 garbage-first heap   total 131072K, used 114060K [0x04000000, 0x04100200, 0x0c000000)
  region size 1024K, 63 young (64512K), 2 survivors (2048K)
 Metaspace       used 40340K, capacity 41109K, committed 46720K, reserved 47488K
Event: 8791.100 GC heap after
Heap after GC invocations=1160 (full 23):
 garbage-first heap   total 131072K, used 50992K [0x04000000, 0x04100200, 0x0c000000)
  region size 1024K, 2 young (2048K), 2 survivors (2048K)
 Metaspace       used 40340K, capacity 41109K, committed 46720K, reserved 47488K
}

